<?xml version="1.0" encoding="UTF-8"?>
<!-- Generated by org.testng.reporters.JUnitReportReporter -->
<testsuite hostname="DESKTOP-QSH3BL0" failures="0" tests="1" name="com.ebanking.testCases.TC_LoginTest_001" time="4.965" errors="0" timestamp="2021-08-07T18:54:59 IST" skipped="0">
  <testcase classname="com.ebanking.testCases.TC_LoginTest_001" name="loginTest" time="4.965"/>
  <system-out/>
</testsuite> <!-- com.ebanking.testCases.TC_LoginTest_001 -->
