<?xml version="1.0" encoding="UTF-8"?>
<!-- Generated by org.testng.reporters.JUnitReportReporter -->
<testsuite hostname="DESKTOP-QSH3BL0" failures="0" tests="1" name="com.ebanking.testCases.TC_AddCustomerTest_003" time="19.164" errors="0" timestamp="2021-08-07T18:46:15 IST" skipped="0">
  <testcase classname="com.ebanking.testCases.TC_AddCustomerTest_003" name="addNewCustomer" time="19.164"/>
  <system-out/>
</testsuite> <!-- com.ebanking.testCases.TC_AddCustomerTest_003 -->
