<?xml version="1.0" encoding="UTF-8"?>
<!-- Generated by org.testng.reporters.JUnitReportReporter -->
<testsuite hostname="DESKTOP-QSH3BL0" failures="0" tests="1" name="com.ebanking.testCases.TC_AddCustomerTest_003" time="12.252" errors="0" timestamp="07 Aug 2021 14:35:27 GMT" skipped="0">
  <testcase classname="com.ebanking.testCases.TC_AddCustomerTest_003" name="addNewCustomer" time="12.252"/>
</testsuite> <!-- com.ebanking.testCases.TC_AddCustomerTest_003 -->
